<?xml version="1.0" encoding="UTF-8"?>
<!-- Generated by org.testng.reporters.JUnitXMLReporter -->
<testsuite ignored="4" hostname="VIKAS" failures="0" tests="1" name="Default test" time="1.46" errors="0" timestamp="2024-02-09T23:39:50 IST">
  <testcase classname="com.testcases.TestEmployeeEndPoints" name="verifyFetchAllEmployee" time="1.42"/>
  <testcase classname="com.testcases.TestEmployeeEndPoints" name="verifyCreateEmployee" time="0.0">
    <ignored/>
  </testcase> <!-- verifyCreateEmployee -->
  <testcase classname="com.testcases.TestEmployeeEndPoints" name="verifyDeleteEmployee" time="0.0">
    <ignored/>
  </testcase> <!-- verifyDeleteEmployee -->
  <testcase classname="com.testcases.TestEmployeeEndPoints" name="verifyUpdateEmployee" time="0.0">
    <ignored/>
  </testcase> <!-- verifyUpdateEmployee -->
  <testcase classname="com.testcases.TestEmployeeEndPoints" name="verifyFetchSingleEmployee" time="0.0">
    <ignored/>
  </testcase> <!-- verifyFetchSingleEmployee -->
</testsuite> <!-- Default test -->
