<?xml version="1.0" encoding="UTF-8"?>
<testng-results ignored="0" total="1" passed="1" failed="0" skipped="0">
  <reporter-output>
  </reporter-output>
  <suite started-at="2024-02-09T13:59:13 IST" name="Smoke" finished-at="2024-02-09T13:59:14 IST" duration-ms="1647">
    <groups>
    </groups>
    <test started-at="2024-02-09T13:59:13 IST" name="SmokeTest" finished-at="2024-02-09T13:59:14 IST" duration-ms="1647">
      <class name="com.testcases.TestEmployeeEndPoints">
        <test-method signature="verifyFetchAllEmployee()[pri:0, instance:com.testcases.TestEmployeeEndPoints@74960bfa]" started-at="2024-02-09T13:59:13 IST" name="verifyFetchAllEmployee" finished-at="2024-02-09T13:59:14 IST" duration-ms="1397" status="PASS">
          <reporter-output>
          </reporter-output>
        </test-method> <!-- verifyFetchAllEmployee -->
      </class> <!-- com.testcases.TestEmployeeEndPoints -->
    </test> <!-- SmokeTest -->
  </suite> <!-- Smoke -->
</testng-results>
