<?xml version="1.0" encoding="UTF-8"?>
<testng-results ignored="0" total="2" passed="2" failed="0" skipped="0">
  <reporter-output>
  </reporter-output>
  <suite started-at="2024-02-09T22:44:28 IST" name="Smoke" finished-at="2024-02-09T22:44:30 IST" duration-ms="2258">
    <groups>
    </groups>
    <test started-at="2024-02-09T22:44:28 IST" name="SmokeTest" finished-at="2024-02-09T22:44:30 IST" duration-ms="2258">
      <class name="com.testcases.TestEmployeeEndPoints">
        <test-method signature="verifyFetchAllEmployee()[pri:1, instance:com.testcases.TestEmployeeEndPoints@42721fe]" started-at="2024-02-09T22:44:28 IST" name="verifyFetchAllEmployee" finished-at="2024-02-09T22:44:30 IST" duration-ms="1454" status="PASS">
          <reporter-output>
          </reporter-output>
        </test-method> <!-- verifyFetchAllEmployee -->
        <test-method signature="verifyFetchSingleEmployee()[pri:2, instance:com.testcases.TestEmployeeEndPoints@42721fe]" started-at="2024-02-09T22:44:30 IST" name="verifyFetchSingleEmployee" finished-at="2024-02-09T22:44:30 IST" duration-ms="627" status="PASS">
          <reporter-output>
          </reporter-output>
        </test-method> <!-- verifyFetchSingleEmployee -->
      </class> <!-- com.testcases.TestEmployeeEndPoints -->
    </test> <!-- SmokeTest -->
  </suite> <!-- Smoke -->
</testng-results>
