<?xml version="1.0" encoding="UTF-8"?>
<testng-results ignored="5" total="6" passed="1" failed="0" skipped="0">
  <reporter-output>
  </reporter-output>
  <suite started-at="2024-02-10T00:43:01 IST" name="Default suite" finished-at="2024-02-10T00:43:02 IST" duration-ms="1379">
    <groups>
    </groups>
    <test started-at="2024-02-10T00:43:01 IST" name="Default test" finished-at="2024-02-10T00:43:02 IST" duration-ms="1379">
      <class name="com.testcases.TestEmployeeEndPoints">
        <test-method signature="verifyFetchAllEmployee()[pri:1, instance:com.testcases.TestEmployeeEndPoints@7ce97ee5]" started-at="2024-02-10T00:43:01 IST" name="verifyFetchAllEmployee" finished-at="2024-02-10T00:43:02 IST" duration-ms="1345" status="PASS">
          <reporter-output>
          </reporter-output>
        </test-method> <!-- verifyFetchAllEmployee -->
      </class> <!-- com.testcases.TestEmployeeEndPoints -->
    </test> <!-- Default test -->
  </suite> <!-- Default suite -->
</testng-results>
