<?xml version="1.0" encoding="UTF-8"?>
<testng-results ignored="4" total="5" passed="1" failed="0" skipped="0">
  <reporter-output>
  </reporter-output>
  <suite started-at="2024-02-09T23:39:48 IST" name="Default suite" finished-at="2024-02-09T23:39:50 IST" duration-ms="1460">
    <groups>
    </groups>
    <test started-at="2024-02-09T23:39:48 IST" name="Default test" finished-at="2024-02-09T23:39:50 IST" duration-ms="1460">
      <class name="com.testcases.TestEmployeeEndPoints">
        <test-method signature="verifyFetchAllEmployee()[pri:1, instance:com.testcases.TestEmployeeEndPoints@5286c33a]" started-at="2024-02-09T23:39:48 IST" name="verifyFetchAllEmployee" finished-at="2024-02-09T23:39:50 IST" duration-ms="1420" status="PASS">
          <reporter-output>
          </reporter-output>
        </test-method> <!-- verifyFetchAllEmployee -->
      </class> <!-- com.testcases.TestEmployeeEndPoints -->
    </test> <!-- Default test -->
  </suite> <!-- Default suite -->
</testng-results>
